[2024-04-09 17:16:27] [info] Start Program:
Path:"C:\Users\chinw\source\repos\oop-a4-5-Justin-starz\Assignment 04-05\x64\Debug\Assignment 04-05.exe"
Arguments:
Working directory: "C:\Users\chinw\source\repos\oop-a4-5-Justin-starz\Assignment 04-05\Assignment 04-05\"
Modules: Selected: C:\Users\chinw\source\repos\oop-a4-5-Justin-starz\Assignment 04-05\x64\Debug\Assignment 04-05.exe Excluded: 
Sources: Selected: C:\Users\chinw\source\repos\oop-a4-5-Justin-starz\Assignment 04-05\Assignment 04-05 Excluded: 
Log Level: Normal
Cover Children: 0
Aggregate by file: 1
Continue after C++ exception: 0
Optimized build support: 0
Export: Binary C:\Users\chinw\AppData\Local\Temp\tejpeou1.nu2 
Input coverage: 
Unified diff: 
Excluded line regular expressions: 
Substitute pdb source paths: 

[2024-04-09 17:16:27] [info] Module: C:\Users\chinw\source\repos\oop-a4-5-Justin-starz\Assignment 04-05\x64\Debug\Assignment 04-05.exe is selected because it matches selected pattern: C:\Users\chinw\source\repos\oop-a4-5-Justin-starz\Assignment 04-05\x64\Debug\Assignment 04-05.exe
[2024-04-09 17:16:28] [info] ----------------------------------------------------
[2024-04-09 17:16:28] [info] Coverage binary generated in file: C:\Users\chinw\AppData\Local\Temp\tejpeou1.nu2
[2024-04-09 17:16:28] [info] ----------------------------------------------------
