c:\users\chinw\source\repos\patient management\patient .6fc61bbe\x64\debug\vc143.pdb
c:\users\chinw\source\repos\patient management\patient .6fc61bbe\x64\debug\vc143.idb
c:\users\chinw\source\repos\patient management\patient .6fc61bbe\x64\debug\qrc_patientmanagement.obj
c:\users\chinw\source\repos\patient management\patient .6fc61bbe\x64\debug\patientmanagement.obj
c:\users\chinw\source\repos\patient management\patient .6fc61bbe\x64\debug\doctor.obj
c:\users\chinw\source\repos\patient management\patient .6fc61bbe\x64\debug\patient.obj
c:\users\chinw\source\repos\patient management\patient .6fc61bbe\x64\debug\main.obj
c:\users\chinw\source\repos\patient management\patient .6fc61bbe\x64\debug\moc_patientmanagement.obj
c:\users\chinw\source\repos\patient management\patient .6fc61bbe\x64\debug\datamanager.obj
c:\users\chinw\source\repos\patient management\patient .6fc61bbe\x64\debug\observer.obj
c:\users\chinw\source\repos\patient management\patient .6fc61bbe\x64\debug\statisticswindow.obj
c:\users\chinw\source\repos\patient management\patient .6fc61bbe\x64\debug\mainwindow.obj
c:\users\chinw\source\repos\patient management\patient .6fc61bbe\x64\debug\moc_doctorwindow.obj
c:\users\chinw\source\repos\patient management\patient .6fc61bbe\x64\debug\moc_mainwindow.obj
c:\users\chinw\source\repos\patient management\patient .6fc61bbe\x64\debug\moc_statisticswindow.obj
c:\users\chinw\source\repos\patient management\patient .6fc61bbe\x64\debug\doctorwindow.obj
c:\users\chinw\source\repos\patient management\x64\debug\patient management.exe
c:\users\chinw\source\repos\patient management\x64\debug\patient management.pdb
c:\users\chinw\source\repos\patient management\patient .6fc61bbe\x64\debug\moc\moc_doctorwindow.cpp
c:\users\chinw\source\repos\patient management\patient .6fc61bbe\x64\debug\uic\ui_patientmanagement.h
c:\users\chinw\source\repos\patient management\patient .6fc61bbe\x64\debug\rcc\qrc_patientmanagement.cpp
c:\users\chinw\source\repos\patient management\patient .6fc61bbe\x64\debug\moc\moc_patientmanagement.cpp
c:\users\chinw\source\repos\patient management\patient .6fc61bbe\x64\debug\moc\moc_mainwindow.cpp
c:\users\chinw\source\repos\patient management\patient .6fc61bbe\x64\debug\moc\moc_statisticswindow.cpp
c:\users\chinw\source\repos\patient management\patient .6fc61bbe\x64\debug\patient management.ilk
c:\users\chinw\source\repos\patient management\patient .6fc61bbe\x64\debug\patient .6fc61bbe.tlog\cl.command.1.tlog
c:\users\chinw\source\repos\patient management\patient .6fc61bbe\x64\debug\patient .6fc61bbe.tlog\cl.items.tlog
c:\users\chinw\source\repos\patient management\patient .6fc61bbe\x64\debug\patient .6fc61bbe.tlog\cl.read.1.tlog
c:\users\chinw\source\repos\patient management\patient .6fc61bbe\x64\debug\patient .6fc61bbe.tlog\cl.write.1.tlog
c:\users\chinw\source\repos\patient management\patient .6fc61bbe\x64\debug\patient .6fc61bbe.tlog\link.command.1.tlog
c:\users\chinw\source\repos\patient management\patient .6fc61bbe\x64\debug\patient .6fc61bbe.tlog\link.read.1.tlog
c:\users\chinw\source\repos\patient management\patient .6fc61bbe\x64\debug\patient .6fc61bbe.tlog\link.secondary.1.tlog
c:\users\chinw\source\repos\patient management\patient .6fc61bbe\x64\debug\patient .6fc61bbe.tlog\link.write.1.tlog
c:\users\chinw\source\repos\patient management\patient .6fc61bbe\x64\debug\patient .6fc61bbe.tlog\moc.read.1u.tlog
c:\users\chinw\source\repos\patient management\patient .6fc61bbe\x64\debug\patient .6fc61bbe.tlog\moc.write.1u.tlog
c:\users\chinw\source\repos\patient management\patient .6fc61bbe\x64\debug\patient .6fc61bbe.tlog\patient management.write.1u.tlog
c:\users\chinw\source\repos\patient management\patient .6fc61bbe\x64\debug\patient .6fc61bbe.tlog\rcc.read.1u.tlog
c:\users\chinw\source\repos\patient management\patient .6fc61bbe\x64\debug\patient .6fc61bbe.tlog\rcc.write.1u.tlog
c:\users\chinw\source\repos\patient management\patient .6fc61bbe\x64\debug\patient .6fc61bbe.tlog\uic.read.1u.tlog
c:\users\chinw\source\repos\patient management\patient .6fc61bbe\x64\debug\patient .6fc61bbe.tlog\uic.write.1u.tlog
