c:\users\chinw\source\repos\task management\task management\x64\debug\vc143.pdb
c:\users\chinw\source\repos\task management\task management\x64\debug\vc143.idb
c:\users\chinw\source\repos\task management\task management\x64\debug\qrc_taskmanagement.obj
c:\users\chinw\source\repos\task management\task management\x64\debug\programmer.obj
c:\users\chinw\source\repos\task management\task management\x64\debug\taskmanagement.obj
c:\users\chinw\source\repos\task management\task management\x64\debug\main.obj
c:\users\chinw\source\repos\task management\task management\x64\debug\moc_taskmanagement.obj
c:\users\chinw\source\repos\task management\task management\x64\debug\programmerwindow.obj
c:\users\chinw\source\repos\task management\task management\x64\debug\tasknotopenexception.obj
c:\users\chinw\source\repos\task management\task management\x64\debug\task.obj
c:\users\chinw\source\repos\task management\task management\x64\debug\taskrepository.obj
c:\users\chinw\source\repos\task management\task management\x64\debug\taskexception.obj
c:\users\chinw\source\repos\task management\task management\x64\debug\taskcontroller.obj
c:\users\chinw\source\repos\task management\task management\x64\debug\moc_programmerwindow.obj
c:\users\chinw\source\repos\task management\x64\debug\task management.exe
c:\users\chinw\source\repos\task management\x64\debug\task management.pdb
c:\users\chinw\source\repos\task management\task management\x64\debug\moc\moc_programmerwindow.cpp
c:\users\chinw\source\repos\task management\task management\x64\debug\rcc\qrc_taskmanagement.cpp
c:\users\chinw\source\repos\task management\task management\x64\debug\uic\ui_taskmanagement.h
c:\users\chinw\source\repos\task management\task management\x64\debug\moc\moc_taskmanagement.cpp
c:\users\chinw\source\repos\task management\task management\x64\debug\moc\main.moc
c:\users\chinw\source\repos\task management\task management\x64\debug\task management.ilk
c:\users\chinw\source\repos\task management\task management\x64\debug\taskservice.obj
c:\users\chinw\source\repos\task management\task management\x64\debug\task management.tlog\cl.command.1.tlog
c:\users\chinw\source\repos\task management\task management\x64\debug\task management.tlog\cl.items.tlog
c:\users\chinw\source\repos\task management\task management\x64\debug\task management.tlog\cl.read.1.tlog
c:\users\chinw\source\repos\task management\task management\x64\debug\task management.tlog\cl.write.1.tlog
c:\users\chinw\source\repos\task management\task management\x64\debug\task management.tlog\link.command.1.tlog
c:\users\chinw\source\repos\task management\task management\x64\debug\task management.tlog\link.read.1.tlog
c:\users\chinw\source\repos\task management\task management\x64\debug\task management.tlog\link.secondary.1.tlog
c:\users\chinw\source\repos\task management\task management\x64\debug\task management.tlog\link.write.1.tlog
c:\users\chinw\source\repos\task management\task management\x64\debug\task management.tlog\moc.read.1u.tlog
c:\users\chinw\source\repos\task management\task management\x64\debug\task management.tlog\moc.write.1u.tlog
c:\users\chinw\source\repos\task management\task management\x64\debug\task management.tlog\rcc.read.1u.tlog
c:\users\chinw\source\repos\task management\task management\x64\debug\task management.tlog\rcc.write.1u.tlog
c:\users\chinw\source\repos\task management\task management\x64\debug\task management.tlog\task management.write.1u.tlog
c:\users\chinw\source\repos\task management\task management\x64\debug\task management.tlog\uic.read.1u.tlog
c:\users\chinw\source\repos\task management\task management\x64\debug\task management.tlog\uic.write.1u.tlog
